<?xml version="1.0" encoding="UTF-8"?>
<testsuite name="adt.bst.StudentBSTTest" time="0.008" tests="7" errors="3" skipped="0" failures="2">
  <properties>
[...]
</properties>
  <testcase name="testSucessorPredecessor" classname="adt.bst.StudentBSTTest" time="0.005">
    <failure message="expected:&lt;null&gt; but was:&lt;232&gt;" type="java.lang.AssertionError"><![CDATA[java.lang.AssertionError: expected:<null> but was:<232>
	at org.junit.Assert.fail(Assert.java:88)
	at org.junit.Assert.failNotEquals(Assert.java:834)
	at org.junit.Assert.assertEquals(Assert.java:118)
	at org.junit.Assert.assertEquals(Assert.java:144)
	at adt.bst.StudentBSTTest.testSucessorPredecessor(StudentBSTTest.java:84)
]]></failure>
  </testcase>
  <testcase name="testInit" classname="adt.bst.StudentBSTTest" time="0"/>
  <testcase name="testSize" classname="adt.bst.StudentBSTTest" time="0.002">
    <error type="java.lang.NullPointerException:">java.lang.NullPointerException: null
	at adt.bst.BSTImpl.remove(BSTImpl.java:171)
	at adt.bst.StudentBSTTest.testSize(StudentBSTTest.java:105)
</error>
  </testcase>
  <testcase name="testHeight" classname="adt.bst.StudentBSTTest" time="0.001">
    <error message="Not implemented yet!" type="java.lang.UnsupportedOperationException">java.lang.UnsupportedOperationException: Not implemented yet!
	at adt.bst.BSTImpl.preOrder(BSTImpl.java:194)
	at adt.bst.StudentBSTTest.testHeight(StudentBSTTest.java:116)
</error>
  </testcase>
  <testcase name="testMinMax" classname="adt.bst.StudentBSTTest" time="0">
    <failure message="expected:&lt;6&gt; but was:&lt;23&gt;" type="java.lang.AssertionError"><![CDATA[java.lang.AssertionError: expected:<6> but was:<23>
	at org.junit.Assert.fail(Assert.java:88)
	at org.junit.Assert.failNotEquals(Assert.java:834)
	at org.junit.Assert.assertEquals(Assert.java:118)
	at org.junit.Assert.assertEquals(Assert.java:144)
	at adt.bst.StudentBSTTest.testMinMax(StudentBSTTest.java:63)
]]></failure>
  </testcase>
  <testcase name="testRemove" classname="adt.bst.StudentBSTTest" time="0">
    <error type="java.lang.NullPointerException:">java.lang.NullPointerException: null
	at adt.bst.BSTImpl.remove(BSTImpl.java:171)
	at adt.bst.StudentBSTTest.testRemove(StudentBSTTest.java:133)
</error>
  </testcase>
  <testcase name="testSearch" classname="adt.bst.StudentBSTTest" time="0"/>
</testsuite>