<?xml version="1.0" encoding="UTF-8" ?>
<testsuite tests="5" failures="0" name="produto.TestRepositorioProdutos" time="0.007" errors="0" skipped="0">
  <properties>
[...]
</properties>
  <testcase classname="produto.TestRepositorioProdutos" name="testProcurar" time="0.006"/>
  <testcase classname="produto.TestRepositorioProdutos" name="testRemover" time="0"/>
  <testcase classname="produto.TestRepositorioProdutos" name="testAtualizar" time="0"/>
  <testcase classname="produto.TestRepositorioProdutos" name="testExiste" time="0"/>
  <testcase classname="produto.TestRepositorioProdutos" name="testInserir" time="0.001"/>
</testsuite>